<?xml version="1.0" encoding="UTF-8"?>
<!-- Generated by org.testng.reporters.JUnitXMLReporter -->
<testsuite ignored="8" hostname="X" failures="0" tests="1" name="Default test" time="3.673" errors="0" timestamp="2025-07-28T18:14:55 EEST">
  <testcase classname="tests.BooksTests" name="testCreateBook_HappyPath" time="3.098"/>
  <testcase classname="tests.BooksTests" name="testUpdateBook_NotFound" time="0.0">
    <ignored/>
  </testcase> <!-- testUpdateBook_NotFound -->
  <testcase classname="tests.BooksTests" name="testUpdateBook_HappyPath" time="0.0">
    <ignored/>
  </testcase> <!-- testUpdateBook_HappyPath -->
  <testcase classname="tests.BooksTests" name="testGetAllBooks_HappyPath" time="0.0">
    <ignored/>
  </testcase> <!-- testGetAllBooks_HappyPath -->
  <testcase classname="tests.BooksTests" name="testCreateBook_InvalidPayload" time="0.0">
    <ignored/>
  </testcase> <!-- testCreateBook_InvalidPayload -->
  <testcase classname="tests.BooksTests" name="testDeleteBook_HappyPath" time="0.0">
    <ignored/>
  </testcase> <!-- testDeleteBook_HappyPath -->
  <testcase classname="tests.BooksTests" name="testGetBookById_NotFound" time="0.0">
    <ignored/>
  </testcase> <!-- testGetBookById_NotFound -->
  <testcase classname="tests.BooksTests" name="testGetBookById_HappyPath" time="0.0">
    <ignored/>
  </testcase> <!-- testGetBookById_HappyPath -->
  <testcase classname="tests.BooksTests" name="testDeleteBook_NotFound" time="0.0">
    <ignored/>
  </testcase> <!-- testDeleteBook_NotFound -->
</testsuite> <!-- Default test -->
